title Back to main menu -->
  ls /usbdrive.tag || find --set-root --ignore-cd /usbdrive.tag
  configfile /menu.lst

title HDD Regenerator
  find --set-root /miscboot/hddreg.img
  map --mem /miscboot/hddreg.img (fd0)
  map --hook
  chainloader (fd0)+1
  rootnoverify (fd0)

title MHDD
  find --set-root /miscboot/mhdd.img
  map --mem /miscboot/mhdd.img (fd0)
  map --hook
  chainloader (fd0)+1
  rootnoverify (fd0)

title Victoria
  find --set-root /miscboot/victoria.img
  map --mem /miscboot/victoria.img (fd0)
  map --hook
  chainloader (fd0)+1
  rootnoverify (fd0)

